<?xml version="1.0" encoding="UTF-8"?>
<testsuite xmlns:xsi="http://www.w3.org/2001/XMLSchema-instance" xsi:noNamespaceSchemaLocation="https://maven.apache.org/surefire/maven-surefire-plugin/xsd/surefire-test-report.xsd" name="fr.esir.mdi.ScientificTest" time="0.022" tests="3" errors="0" skipped="0" failures="0">
  <properties>
    <property name="sun.desktop" value="gnome"/>
    <property name="awt.toolkit" value="sun.awt.X11.XToolkit"/>
    <property name="file.encoding.pkg" value="sun.io"/>
    <property name="java.specification.version" value="1.8"/>
    <property name="sun.cpu.isalist" value=""/>
    <property name="sun.jnu.encoding" value="UTF-8"/>
    <property name="java.class.path" value="/private/student/2/92/16002492/Documents/ESIR2/S8/MDI/marie_kuqi/target/test-classes:/private/student/2/92/16002492/Documents/ESIR2/S8/MDI/marie_kuqi/target/classes:/private/student/2/92/16002492/.m2/repository/junit/junit/4.11/junit-4.11.jar:/private/student/2/92/16002492/.m2/repository/org/hamcrest/hamcrest-core/1.3/hamcrest-core-1.3.jar:/private/student/2/92/16002492/.m2/repository/org/apache/commons/commons-math3/3.6/commons-math3-3.6.jar:"/>
    <property name="java.vm.vendor" value="Oracle Corporation"/>
    <property name="sun.arch.data.model" value="64"/>
    <property name="java.vendor.url" value="http://java.oracle.com/"/>
    <property name="user.timezone" value=""/>
    <property name="java.vm.specification.version" value="1.8"/>
    <property name="os.name" value="Linux"/>
    <property name="user.country" value="FR"/>
    <property name="sun.java.launcher" value="SUN_STANDARD"/>
    <property name="sun.boot.library.path" value="/usr/lib/jvm/java-1.8.0-openjdk-1.8.0.181-3.b13.el7_5.x86_64/jre/lib/amd64"/>
    <property name="sun.java.command" value="/private/student/2/92/16002492/Documents/ESIR2/S8/MDI/marie_kuqi/target/surefire/surefirebooter6612108564499738284.jar /private/student/2/92/16002492/Documents/ESIR2/S8/MDI/marie_kuqi/target/surefire 2019-02-11T17-31-41_689-jvmRun1 surefire8187643837680321422tmp surefire_05487409382422865792tmp"/>
    <property name="surefire.test.class.path" value="/private/student/2/92/16002492/Documents/ESIR2/S8/MDI/marie_kuqi/target/test-classes:/private/student/2/92/16002492/Documents/ESIR2/S8/MDI/marie_kuqi/target/classes:/private/student/2/92/16002492/.m2/repository/junit/junit/4.11/junit-4.11.jar:/private/student/2/92/16002492/.m2/repository/org/hamcrest/hamcrest-core/1.3/hamcrest-core-1.3.jar:/private/student/2/92/16002492/.m2/repository/org/apache/commons/commons-math3/3.6/commons-math3-3.6.jar:"/>
    <property name="sun.cpu.endian" value="little"/>
    <property name="user.home" value="/private/student/2/92/16002492"/>
    <property name="user.language" value="fr"/>
    <property name="java.specification.vendor" value="Oracle Corporation"/>
    <property name="java.home" value="/usr/lib/jvm/java-1.8.0-openjdk-1.8.0.181-3.b13.el7_5.x86_64/jre"/>
    <property name="basedir" value="/private/student/2/92/16002492/Documents/ESIR2/S8/MDI/marie_kuqi"/>
    <property name="file.separator" value="/"/>
    <property name="line.separator" value="&#10;"/>
    <property name="java.vm.specification.vendor" value="Oracle Corporation"/>
    <property name="java.specification.name" value="Java Platform API Specification"/>
    <property name="java.awt.graphicsenv" value="sun.awt.X11GraphicsEnvironment"/>
    <property name="surefire.real.class.path" value="/private/student/2/92/16002492/Documents/ESIR2/S8/MDI/marie_kuqi/target/surefire/surefirebooter6612108564499738284.jar"/>
    <property name="sun.boot.class.path" value="/usr/lib/jvm/java-1.8.0-openjdk-1.8.0.181-3.b13.el7_5.x86_64/jre/lib/resources.jar:/usr/lib/jvm/java-1.8.0-openjdk-1.8.0.181-3.b13.el7_5.x86_64/jre/lib/rt.jar:/usr/lib/jvm/java-1.8.0-openjdk-1.8.0.181-3.b13.el7_5.x86_64/jre/lib/sunrsasign.jar:/usr/lib/jvm/java-1.8.0-openjdk-1.8.0.181-3.b13.el7_5.x86_64/jre/lib/jsse.jar:/usr/lib/jvm/java-1.8.0-openjdk-1.8.0.181-3.b13.el7_5.x86_64/jre/lib/jce.jar:/usr/lib/jvm/java-1.8.0-openjdk-1.8.0.181-3.b13.el7_5.x86_64/jre/lib/charsets.jar:/usr/lib/jvm/java-1.8.0-openjdk-1.8.0.181-3.b13.el7_5.x86_64/jre/lib/jfr.jar:/usr/lib/jvm/java-1.8.0-openjdk-1.8.0.181-3.b13.el7_5.x86_64/jre/classes"/>
    <property name="sun.management.compiler" value="HotSpot 64-Bit Tiered Compilers"/>
    <property name="java.runtime.version" value="1.8.0_181-b13"/>
    <property name="user.name" value="16002492"/>
    <property name="path.separator" value=":"/>
    <property name="os.version" value="3.10.0-862.11.6.el7.x86_64"/>
    <property name="java.endorsed.dirs" value="/usr/lib/jvm/java-1.8.0-openjdk-1.8.0.181-3.b13.el7_5.x86_64/jre/lib/endorsed"/>
    <property name="java.runtime.name" value="OpenJDK Runtime Environment"/>
    <property name="file.encoding" value="UTF-8"/>
    <property name="java.vm.name" value="OpenJDK 64-Bit Server VM"/>
    <property name="localRepository" value="/private/student/2/92/16002492/.m2/repository"/>
    <property name="java.vendor.url.bug" value="http://bugreport.sun.com/bugreport/"/>
    <property name="java.io.tmpdir" value="/tmp"/>
    <property name="java.version" value="1.8.0_181"/>
    <property name="user.dir" value="/private/student/2/92/16002492/Documents/ESIR2/S8/MDI/marie_kuqi"/>
    <property name="os.arch" value="amd64"/>
    <property name="java.vm.specification.name" value="Java Virtual Machine Specification"/>
    <property name="java.awt.printerjob" value="sun.print.PSPrinterJob"/>
    <property name="sun.os.patch.level" value="unknown"/>
    <property name="java.library.path" value="/usr/lib/jvm/java-1.8.0-openjdk-1.8.0.181-3.b13.el7_5.x86_64/jre/lib/amd64/server:/usr/lib/jvm/java-1.8.0-openjdk-1.8.0.181-3.b13.el7_5.x86_64/jre/lib/amd64:/usr/lib/jvm/java-1.8.0-openjdk-1.8.0.181-3.b13.el7_5.x86_64/jre/../lib/amd64:/usr/local/lib64:/usr/local/lib:/usr/lib/jvm/java-1.8.0-openjdk-1.8.0.191.b12-0.el7_5.x86_64/jre/lib/amd64/server:/usr/java/packages/lib/amd64:/usr/lib64:/lib64:/lib:/usr/lib"/>
    <property name="java.vm.info" value="mixed mode"/>
    <property name="java.vendor" value="Oracle Corporation"/>
    <property name="java.vm.version" value="25.181-b13"/>
    <property name="java.ext.dirs" value="/usr/lib/jvm/java-1.8.0-openjdk-1.8.0.181-3.b13.el7_5.x86_64/jre/lib/ext:/usr/java/packages/lib/ext"/>
    <property name="sun.io.unicode.encoding" value="UnicodeLittle"/>
    <property name="java.class.version" value="52.0"/>
  </properties>
  <testcase name="cosinusPI" classname="fr.esir.mdi.ScientificTest" time="0.004"/>
  <testcase name="p0puissance0" classname="fr.esir.mdi.ScientificTest" time="0"/>
  <testcase name="p2puissance2" classname="fr.esir.mdi.ScientificTest" time="0"/>
</testsuite>